<?xml version="1.0" encoding="UTF-8"?>
<!-- Generated by org.testng.reporters.JUnitReportReporter -->
<testsuite skipped="1" hostname="Vampire" name="Testng.Skipping_a_Test_Case" tests="4" failures="0" timestamp="24 Feb 2019 16:08:44 GMT" time="0.015" errors="0">
  <testcase name="One" time="0.009" classname="Testng.Skipping_a_Test_Case"/>
  <testcase name="Two" time="0.004" classname="Testng.Skipping_a_Test_Case"/>
  <testcase name="Four" time="0.002" classname="Testng.Skipping_a_Test_Case"/>
  <testcase name="Three" classname="Testng.Skipping_a_Test_Case">
    <skipped/>
  </testcase> <!-- Three -->
</testsuite> <!-- Testng.Skipping_a_Test_Case -->
