<?xml version="1.0" encoding="UTF-8"?>
<!-- Generated by org.testng.reporters.JUnitReportReporter -->
<testsuite skipped="0" hostname="Vampire" name="Testng.ReporterLogs" tests="1" failures="0" timestamp="24 Feb 2019 16:22:58 GMT" time="12.835" errors="0">
  <testcase name="test" time="12.835" classname="Testng.ReporterLogs"/>
</testsuite> <!-- Testng.ReporterLogs -->
