<?xml version="1.0" encoding="UTF-8"?>
<!-- Generated by org.testng.reporters.JUnitReportReporter -->
<testsuite skipped="0" hostname="Vampire" name="Testng.Sequencing_Prioritizing" tests="4" failures="0" timestamp="24 Feb 2019 16:09:02 GMT" time="0.013" errors="0">
  <testcase name="One" time="0.009" classname="Testng.Sequencing_Prioritizing"/>
  <testcase name="Two" time="0.002" classname="Testng.Sequencing_Prioritizing"/>
  <testcase name="Three" time="0.001" classname="Testng.Sequencing_Prioritizing"/>
  <testcase name="Four" time="0.001" classname="Testng.Sequencing_Prioritizing"/>
</testsuite> <!-- Testng.Sequencing_Prioritizing -->
