<?xml version="1.0" encoding="UTF-8"?>
<!-- Generated by org.testng.reporters.JUnitReportReporter -->
<testsuite skipped="0" hostname="Vampire" name="Testng.TestNG_Annotations" tests="2" failures="0" timestamp="24 Feb 2019 15:59:01 GMT" time="0.007" errors="0">
  <testcase name="testCase1" time="0.006" classname="Testng.TestNG_Annotations"/>
  <testcase name="testCase2" time="0.001" classname="Testng.TestNG_Annotations"/>
</testsuite> <!-- Testng.TestNG_Annotations -->
