<?xml version="1.0" encoding="UTF-8"?>
<!-- Generated by org.testng.reporters.JUnitReportReporter -->
<testsuite skipped="0" hostname="Vampire" name="Testng.TestNG" tests="1" failures="0" timestamp="24 Feb 2019 15:55:08 GMT" time="9.819" errors="0">
  <testcase name="main" time="9.819" classname="Testng.TestNG"/>
</testsuite> <!-- Testng.TestNG -->
