<?xml version="1.0" encoding="UTF-8"?>
<!-- Generated by org.testng.reporters.JUnitReportReporter -->
<testsuite skipped="0" hostname="Vampire" name="Data_Driven.login" tests="1" failures="0" timestamp="26 Feb 2019 00:34:04 GMT" time="27.267" errors="0">
  <testcase name="test2" time="27.267" classname="Data_Driven.login"/>
</testsuite> <!-- Data_Driven.login -->
