<?xml version="1.0" encoding="UTF-8"?>
<!-- Generated by org.testng.reporters.JUnitReportReporter -->
<testsuite skipped="0" hostname="Vampire" name="Testng.Test_Case_Grouping" tests="2" failures="0" timestamp="24 Feb 2019 16:04:10 GMT" time="0.036" errors="0">
  <testcase name="Scooter1" time="0.018" classname="Testng.Test_Case_Grouping"/>
  <testcase name="Scooter2" time="0.018" classname="Testng.Test_Case_Grouping"/>
</testsuite> <!-- Testng.Test_Case_Grouping -->
